<?xml version="1.0" encoding="UTF-8"?>
<testng-results skipped="0" failed="0" ignored="0" total="4" passed="4">
  <reporter-output>
  </reporter-output>
  <suite name="Default suite" duration-ms="97" started-at="2020-04-10T05:35:55Z" finished-at="2020-04-10T05:35:55Z">
    <groups>
    </groups>
    <test name="Default test" duration-ms="97" started-at="2020-04-10T05:35:55Z" finished-at="2020-04-10T05:35:55Z">
      <class name="com.qa.test.DemoTest">
        <test-method status="PASS" signature="div()[pri:0, instance:com.qa.test.DemoTest@482cd91f]" name="div" duration-ms="21" started-at="2020-04-10T05:35:55Z" finished-at="2020-04-10T05:35:55Z">
          <reporter-output>
          </reporter-output>
        </test-method> <!-- div -->
        <test-method status="PASS" signature="multi()[pri:0, instance:com.qa.test.DemoTest@482cd91f]" name="multi" duration-ms="3" started-at="2020-04-10T05:35:55Z" finished-at="2020-04-10T05:35:55Z">
          <reporter-output>
          </reporter-output>
        </test-method> <!-- multi -->
        <test-method status="PASS" signature="sub()[pri:0, instance:com.qa.test.DemoTest@482cd91f]" name="sub" duration-ms="7" started-at="2020-04-10T05:35:55Z" finished-at="2020-04-10T05:35:55Z">
          <reporter-output>
          </reporter-output>
        </test-method> <!-- sub -->
        <test-method status="PASS" signature="sum()[pri:0, instance:com.qa.test.DemoTest@482cd91f]" name="sum" duration-ms="4" started-at="2020-04-10T05:35:55Z" finished-at="2020-04-10T05:35:55Z">
          <reporter-output>
          </reporter-output>
        </test-method> <!-- sum -->
      </class> <!-- com.qa.test.DemoTest -->
    </test> <!-- Default test -->
  </suite> <!-- Default suite -->
</testng-results>
